<?xml version="1.0" encoding="UTF-8"?>
<robot generator="Robot 7.1.1 (Python 3.9.6 on darwin)" generated="2024-12-12T09:34:56.219400" rpa="false" schemaversion="5">
<suite id="s1" name="Test" source="/Users/ondrejkutil/Automation testing kurz/PUBLIC GIT/Petr_Kus_Github/ucastnici/O_Kutil/test.robot">
<test id="s1-t1" name="Test Login For All Users" line="10">
<for flavor="IN">
<iter>
<kw name="Run Login Test And Continue">
<kw name="Run Keyword And Continue On Failure" owner="BuiltIn">
<kw name="Run Login Test">
<kw name="Open Browser" owner="SeleniumLibrary">
<msg time="2024-12-12T09:34:56.346371" level="INFO">Opening browser 'Chrome' to base url 'https://www.saucedemo.com'.</msg>
<arg>${URL}</arg>
<arg>Chrome</arg>
<doc>Opens a new browser instance to the optional ``url``.</doc>
<status status="PASS" start="2024-12-12T09:34:56.346256" elapsed="2.384733"/>
</kw>
<kw name="Input Text" owner="SeleniumLibrary">
<msg time="2024-12-12T09:34:58.741267" level="INFO">Typing text 'standard_user' into text field 'id:user-name'.</msg>
<arg>id:user-name</arg>
<arg>${USERNAME}</arg>
<doc>Types the given ``text`` into the text field identified by ``locator``.</doc>
<status status="PASS" start="2024-12-12T09:34:58.740713" elapsed="0.145982"/>
</kw>
<kw name="Input Text" owner="SeleniumLibrary">
<msg time="2024-12-12T09:34:58.887346" level="INFO">Typing text 'secret_sauce' into text field 'id:password'.</msg>
<arg>id:password</arg>
<arg>${PASSWORD}</arg>
<doc>Types the given ``text`` into the text field identified by ``locator``.</doc>
<status status="PASS" start="2024-12-12T09:34:58.887158" elapsed="0.050170"/>
</kw>
<kw name="Click Element" owner="SeleniumLibrary">
<msg time="2024-12-12T09:34:58.941042" level="INFO">Clicking element 'id:login-button'.</msg>
<arg>id:login-button</arg>
<doc>Click the element identified by ``locator``.</doc>
<status status="PASS" start="2024-12-12T09:34:58.940381" elapsed="0.062101"/>
</kw>
<kw name="Verify Login Successful">
<kw name="Element Should Be Visible" owner="SeleniumLibrary">
<msg time="2024-12-12T09:34:59.021938" level="INFO">Element 'id:inventory_container' is displayed.</msg>
<arg>id:inventory_container</arg>
<doc>Verifies that the element identified by ``locator`` is visible.</doc>
<status status="PASS" start="2024-12-12T09:34:59.004827" elapsed="0.017213"/>
</kw>
<kw name="Log" owner="BuiltIn">
<msg time="2024-12-12T09:34:59.023002" level="INFO">Login was successful</msg>
<arg>Login was successful</arg>
<doc>Logs the given message with the given level.</doc>
<status status="PASS" start="2024-12-12T09:34:59.022765" elapsed="0.000301"/>
</kw>
<status status="PASS" start="2024-12-12T09:34:59.003320" elapsed="0.020058"/>
</kw>
<kw name="Capture Page Screenshot" owner="SeleniumLibrary">
<msg time="2024-12-12T09:34:59.090851" level="INFO" html="true">&lt;/td&gt;&lt;/tr&gt;&lt;tr&gt;&lt;td colspan="3"&gt;&lt;a href="selenium-screenshot-1.png"&gt;&lt;img src="selenium-screenshot-1.png" width="800px"&gt;&lt;/a&gt;</msg>
<doc>Takes a screenshot of the current page and embeds it into a log file.</doc>
<status status="PASS" start="2024-12-12T09:34:59.023545" elapsed="0.067392"/>
</kw>
<arg>${USERNAME}</arg>
<status status="PASS" start="2024-12-12T09:34:56.346090" elapsed="2.745158"/>
</kw>
<arg>Run Login Test</arg>
<arg>${USERNAME}</arg>
<doc>Runs the keyword and continues execution even if a failure occurs.</doc>
<status status="PASS" start="2024-12-12T09:34:56.345957" elapsed="2.745393"/>
</kw>
<arg>${USERNAME}</arg>
<status status="PASS" start="2024-12-12T09:34:56.345513" elapsed="2.745946"/>
</kw>
<kw name="Close Browser" owner="SeleniumLibrary">
<doc>Closes the current browser.</doc>
<status status="PASS" start="2024-12-12T09:34:59.091618" elapsed="0.079151"/>
</kw>
<var name="${USERNAME}">standard_user</var>
<status status="PASS" start="2024-12-12T09:34:56.345319" elapsed="2.825658"/>
</iter>
<iter>
<kw name="Run Login Test And Continue">
<kw name="Run Keyword And Continue On Failure" owner="BuiltIn">
<kw name="Run Login Test">
<kw name="Open Browser" owner="SeleniumLibrary">
<msg time="2024-12-12T09:34:59.172294" level="INFO">Opening browser 'Chrome' to base url 'https://www.saucedemo.com'.</msg>
<arg>${URL}</arg>
<arg>Chrome</arg>
<doc>Opens a new browser instance to the optional ``url``.</doc>
<status status="PASS" start="2024-12-12T09:34:59.172143" elapsed="1.119689"/>
</kw>
<kw name="Input Text" owner="SeleniumLibrary">
<msg time="2024-12-12T09:35:00.297041" level="INFO">Typing text 'locked_out_user' into text field 'id:user-name'.</msg>
<arg>id:user-name</arg>
<arg>${USERNAME}</arg>
<doc>Types the given ``text`` into the text field identified by ``locator``.</doc>
<status status="PASS" start="2024-12-12T09:35:00.296718" elapsed="0.101392"/>
</kw>
<kw name="Input Text" owner="SeleniumLibrary">
<msg time="2024-12-12T09:35:00.398914" level="INFO">Typing text 'secret_sauce' into text field 'id:password'.</msg>
<arg>id:password</arg>
<arg>${PASSWORD}</arg>
<doc>Types the given ``text`` into the text field identified by ``locator``.</doc>
<status status="PASS" start="2024-12-12T09:35:00.398698" elapsed="0.029103"/>
</kw>
<kw name="Click Element" owner="SeleniumLibrary">
<msg time="2024-12-12T09:35:00.428742" level="INFO">Clicking element 'id:login-button'.</msg>
<arg>id:login-button</arg>
<doc>Click the element identified by ``locator``.</doc>
<status status="PASS" start="2024-12-12T09:35:00.428538" elapsed="0.039528"/>
</kw>
<kw name="Verify Login Successful">
<kw name="Element Should Be Visible" owner="SeleniumLibrary">
<msg time="2024-12-12T09:35:00.534778" level="INFO" html="true">&lt;/td&gt;&lt;/tr&gt;&lt;tr&gt;&lt;td colspan="3"&gt;&lt;a href="selenium-screenshot-2.png"&gt;&lt;img src="selenium-screenshot-2.png" width="800px"&gt;&lt;/a&gt;</msg>
<msg time="2024-12-12T09:35:00.534943" level="FAIL">Element with locator 'id:inventory_container' not found.</msg>
<arg>id:inventory_container</arg>
<doc>Verifies that the element identified by ``locator`` is visible.</doc>
<status status="FAIL" start="2024-12-12T09:35:00.468820" elapsed="0.071311">Element with locator 'id:inventory_container' not found.</status>
</kw>
<kw name="Log" owner="BuiltIn">
<arg>Login was successful</arg>
<doc>Logs the given message with the given level.</doc>
<status status="NOT RUN" start="2024-12-12T09:35:00.540513" elapsed="0.000052"/>
</kw>
<status status="FAIL" start="2024-12-12T09:35:00.468590" elapsed="0.072108">Element with locator 'id:inventory_container' not found.</status>
</kw>
<kw name="Capture Page Screenshot" owner="SeleniumLibrary">
<doc>Takes a screenshot of the current page and embeds it into a log file.</doc>
<status status="NOT RUN" start="2024-12-12T09:35:00.540840" elapsed="0.000036"/>
</kw>
<arg>${USERNAME}</arg>
<status status="FAIL" start="2024-12-12T09:34:59.171924" elapsed="1.369060">Element with locator 'id:inventory_container' not found.</status>
</kw>
<arg>Run Login Test</arg>
<arg>${USERNAME}</arg>
<doc>Runs the keyword and continues execution even if a failure occurs.</doc>
<status status="FAIL" start="2024-12-12T09:34:59.171755" elapsed="1.369333">Element with locator 'id:inventory_container' not found.</status>
</kw>
<arg>${USERNAME}</arg>
<status status="FAIL" start="2024-12-12T09:34:59.171461" elapsed="1.369749">Element with locator 'id:inventory_container' not found.</status>
</kw>
<kw name="Close Browser" owner="SeleniumLibrary">
<doc>Closes the current browser.</doc>
<status status="PASS" start="2024-12-12T09:35:00.541327" elapsed="0.071895"/>
</kw>
<var name="${USERNAME}">locked_out_user</var>
<status status="FAIL" start="2024-12-12T09:34:59.171196" elapsed="1.442236">Element with locator 'id:inventory_container' not found.</status>
</iter>
<iter>
<kw name="Run Login Test And Continue">
<kw name="Run Keyword And Continue On Failure" owner="BuiltIn">
<kw name="Run Login Test">
<kw name="Open Browser" owner="SeleniumLibrary">
<msg time="2024-12-12T09:35:00.614776" level="INFO">Opening browser 'Chrome' to base url 'https://www.saucedemo.com'.</msg>
<arg>${URL}</arg>
<arg>Chrome</arg>
<doc>Opens a new browser instance to the optional ``url``.</doc>
<status status="PASS" start="2024-12-12T09:35:00.614606" elapsed="1.177774"/>
</kw>
<kw name="Input Text" owner="SeleniumLibrary">
<msg time="2024-12-12T09:35:01.796381" level="INFO">Typing text 'problem_user' into text field 'id:user-name'.</msg>
<arg>id:user-name</arg>
<arg>${USERNAME}</arg>
<doc>Types the given ``text`` into the text field identified by ``locator``.</doc>
<status status="PASS" start="2024-12-12T09:35:01.795940" elapsed="0.095871"/>
</kw>
<kw name="Input Text" owner="SeleniumLibrary">
<msg time="2024-12-12T09:35:01.892533" level="INFO">Typing text 'secret_sauce' into text field 'id:password'.</msg>
<arg>id:password</arg>
<arg>${PASSWORD}</arg>
<doc>Types the given ``text`` into the text field identified by ``locator``.</doc>
<status status="PASS" start="2024-12-12T09:35:01.892330" elapsed="0.033128"/>
</kw>
<kw name="Click Element" owner="SeleniumLibrary">
<msg time="2024-12-12T09:35:01.926145" level="INFO">Clicking element 'id:login-button'.</msg>
<arg>id:login-button</arg>
<doc>Click the element identified by ``locator``.</doc>
<status status="PASS" start="2024-12-12T09:35:01.925969" elapsed="0.035811"/>
</kw>
<kw name="Verify Login Successful">
<kw name="Element Should Be Visible" owner="SeleniumLibrary">
<msg time="2024-12-12T09:35:01.973526" level="INFO">Element 'id:inventory_container' is displayed.</msg>
<arg>id:inventory_container</arg>
<doc>Verifies that the element identified by ``locator`` is visible.</doc>
<status status="PASS" start="2024-12-12T09:35:01.962634" elapsed="0.010968"/>
</kw>
<kw name="Log" owner="BuiltIn">
<msg time="2024-12-12T09:35:01.974202" level="INFO">Login was successful</msg>
<arg>Login was successful</arg>
<doc>Logs the given message with the given level.</doc>
<status status="PASS" start="2024-12-12T09:35:01.974082" elapsed="0.000153"/>
</kw>
<status status="PASS" start="2024-12-12T09:35:01.962358" elapsed="0.012179"/>
</kw>
<kw name="Capture Page Screenshot" owner="SeleniumLibrary">
<msg time="2024-12-12T09:35:02.032425" level="INFO" html="true">&lt;/td&gt;&lt;/tr&gt;&lt;tr&gt;&lt;td colspan="3"&gt;&lt;a href="selenium-screenshot-3.png"&gt;&lt;img src="selenium-screenshot-3.png" width="800px"&gt;&lt;/a&gt;</msg>
<doc>Takes a screenshot of the current page and embeds it into a log file.</doc>
<status status="PASS" start="2024-12-12T09:35:01.974679" elapsed="0.057838"/>
</kw>
<arg>${USERNAME}</arg>
<status status="PASS" start="2024-12-12T09:35:00.614378" elapsed="1.418435"/>
</kw>
<arg>Run Login Test</arg>
<arg>${USERNAME}</arg>
<doc>Runs the keyword and continues execution even if a failure occurs.</doc>
<status status="PASS" start="2024-12-12T09:35:00.614184" elapsed="1.418730"/>
</kw>
<arg>${USERNAME}</arg>
<status status="PASS" start="2024-12-12T09:35:00.613777" elapsed="1.419289"/>
</kw>
<kw name="Close Browser" owner="SeleniumLibrary">
<doc>Closes the current browser.</doc>
<status status="PASS" start="2024-12-12T09:35:02.033264" elapsed="0.073095"/>
</kw>
<var name="${USERNAME}">problem_user</var>
<status status="PASS" start="2024-12-12T09:35:00.613616" elapsed="1.493059"/>
</iter>
<iter>
<kw name="Run Login Test And Continue">
<kw name="Run Keyword And Continue On Failure" owner="BuiltIn">
<kw name="Run Login Test">
<kw name="Open Browser" owner="SeleniumLibrary">
<msg time="2024-12-12T09:35:02.108878" level="INFO">Opening browser 'Chrome' to base url 'https://www.saucedemo.com'.</msg>
<arg>${URL}</arg>
<arg>Chrome</arg>
<doc>Opens a new browser instance to the optional ``url``.</doc>
<status status="PASS" start="2024-12-12T09:35:02.108689" elapsed="1.088001"/>
</kw>
<kw name="Input Text" owner="SeleniumLibrary">
<msg time="2024-12-12T09:35:03.198989" level="INFO">Typing text 'performance_glitch_user' into text field 'id:user-name'.</msg>
<arg>id:user-name</arg>
<arg>${USERNAME}</arg>
<doc>Types the given ``text`` into the text field identified by ``locator``.</doc>
<status status="PASS" start="2024-12-12T09:35:03.198593" elapsed="0.095176"/>
</kw>
<kw name="Input Text" owner="SeleniumLibrary">
<msg time="2024-12-12T09:35:03.294499" level="INFO">Typing text 'secret_sauce' into text field 'id:password'.</msg>
<arg>id:password</arg>
<arg>${PASSWORD}</arg>
<doc>Types the given ``text`` into the text field identified by ``locator``.</doc>
<status status="PASS" start="2024-12-12T09:35:03.294281" elapsed="0.032386"/>
</kw>
<kw name="Click Element" owner="SeleniumLibrary">
<msg time="2024-12-12T09:35:03.330985" level="INFO">Clicking element 'id:login-button'.</msg>
<arg>id:login-button</arg>
<doc>Click the element identified by ``locator``.</doc>
<status status="PASS" start="2024-12-12T09:35:03.329264" elapsed="5.043566"/>
</kw>
<kw name="Verify Login Successful">
<kw name="Element Should Be Visible" owner="SeleniumLibrary">
<msg time="2024-12-12T09:35:08.384808" level="INFO">Element 'id:inventory_container' is displayed.</msg>
<arg>id:inventory_container</arg>
<doc>Verifies that the element identified by ``locator`` is visible.</doc>
<status status="PASS" start="2024-12-12T09:35:08.375718" elapsed="0.009188"/>
</kw>
<kw name="Log" owner="BuiltIn">
<msg time="2024-12-12T09:35:08.385486" level="INFO">Login was successful</msg>
<arg>Login was successful</arg>
<doc>Logs the given message with the given level.</doc>
<status status="PASS" start="2024-12-12T09:35:08.385348" elapsed="0.000180"/>
</kw>
<status status="PASS" start="2024-12-12T09:35:08.374160" elapsed="0.011614"/>
</kw>
<kw name="Capture Page Screenshot" owner="SeleniumLibrary">
<msg time="2024-12-12T09:35:08.450853" level="INFO" html="true">&lt;/td&gt;&lt;/tr&gt;&lt;tr&gt;&lt;td colspan="3"&gt;&lt;a href="selenium-screenshot-4.png"&gt;&lt;img src="selenium-screenshot-4.png" width="800px"&gt;&lt;/a&gt;</msg>
<doc>Takes a screenshot of the current page and embeds it into a log file.</doc>
<status status="PASS" start="2024-12-12T09:35:08.385906" elapsed="0.065031"/>
</kw>
<arg>${USERNAME}</arg>
<status status="PASS" start="2024-12-12T09:35:02.108462" elapsed="6.342815"/>
</kw>
<arg>Run Login Test</arg>
<arg>${USERNAME}</arg>
<doc>Runs the keyword and continues execution even if a failure occurs.</doc>
<status status="PASS" start="2024-12-12T09:35:02.108209" elapsed="6.343172"/>
</kw>
<arg>${USERNAME}</arg>
<status status="PASS" start="2024-12-12T09:35:02.107709" elapsed="6.343768"/>
</kw>
<kw name="Close Browser" owner="SeleniumLibrary">
<doc>Closes the current browser.</doc>
<status status="PASS" start="2024-12-12T09:35:08.451652" elapsed="0.084605"/>
</kw>
<var name="${USERNAME}">performance_glitch_user</var>
<status status="PASS" start="2024-12-12T09:35:02.107122" elapsed="6.429358"/>
</iter>
<iter>
<kw name="Run Login Test And Continue">
<kw name="Run Keyword And Continue On Failure" owner="BuiltIn">
<kw name="Run Login Test">
<kw name="Open Browser" owner="SeleniumLibrary">
<msg time="2024-12-12T09:35:08.538053" level="INFO">Opening browser 'Chrome' to base url 'https://www.saucedemo.com'.</msg>
<arg>${URL}</arg>
<arg>Chrome</arg>
<doc>Opens a new browser instance to the optional ``url``.</doc>
<status status="PASS" start="2024-12-12T09:35:08.537832" elapsed="2.879521"/>
</kw>
<kw name="Input Text" owner="SeleniumLibrary">
<msg time="2024-12-12T09:35:11.424972" level="INFO">Typing text 'error_user' into text field 'id:user-name'.</msg>
<arg>id:user-name</arg>
<arg>${USERNAME}</arg>
<doc>Types the given ``text`` into the text field identified by ``locator``.</doc>
<status status="PASS" start="2024-12-12T09:35:11.423194" elapsed="0.300342"/>
</kw>
<kw name="Input Text" owner="SeleniumLibrary">
<msg time="2024-12-12T09:35:11.724555" level="INFO">Typing text 'secret_sauce' into text field 'id:password'.</msg>
<arg>id:password</arg>
<arg>${PASSWORD}</arg>
<doc>Types the given ``text`` into the text field identified by ``locator``.</doc>
<status status="PASS" start="2024-12-12T09:35:11.724240" elapsed="0.031248"/>
</kw>
<kw name="Click Element" owner="SeleniumLibrary">
<msg time="2024-12-12T09:35:11.757118" level="INFO">Clicking element 'id:login-button'.</msg>
<arg>id:login-button</arg>
<doc>Click the element identified by ``locator``.</doc>
<status status="PASS" start="2024-12-12T09:35:11.756728" elapsed="0.038496"/>
</kw>
<kw name="Verify Login Successful">
<kw name="Element Should Be Visible" owner="SeleniumLibrary">
<msg time="2024-12-12T09:35:11.808006" level="INFO">Element 'id:inventory_container' is displayed.</msg>
<arg>id:inventory_container</arg>
<doc>Verifies that the element identified by ``locator`` is visible.</doc>
<status status="PASS" start="2024-12-12T09:35:11.796843" elapsed="0.011248"/>
</kw>
<kw name="Log" owner="BuiltIn">
<msg time="2024-12-12T09:35:11.808661" level="INFO">Login was successful</msg>
<arg>Login was successful</arg>
<doc>Logs the given message with the given level.</doc>
<status status="PASS" start="2024-12-12T09:35:11.808522" elapsed="0.000181"/>
</kw>
<status status="PASS" start="2024-12-12T09:35:11.796209" elapsed="0.012744"/>
</kw>
<kw name="Capture Page Screenshot" owner="SeleniumLibrary">
<msg time="2024-12-12T09:35:11.900673" level="INFO" html="true">&lt;/td&gt;&lt;/tr&gt;&lt;tr&gt;&lt;td colspan="3"&gt;&lt;a href="selenium-screenshot-5.png"&gt;&lt;img src="selenium-screenshot-5.png" width="800px"&gt;&lt;/a&gt;</msg>
<doc>Takes a screenshot of the current page and embeds it into a log file.</doc>
<status status="PASS" start="2024-12-12T09:35:11.809140" elapsed="0.091630"/>
</kw>
<arg>${USERNAME}</arg>
<status status="PASS" start="2024-12-12T09:35:08.537610" elapsed="3.363479"/>
</kw>
<arg>Run Login Test</arg>
<arg>${USERNAME}</arg>
<doc>Runs the keyword and continues execution even if a failure occurs.</doc>
<status status="PASS" start="2024-12-12T09:35:08.537439" elapsed="3.363757"/>
</kw>
<arg>${USERNAME}</arg>
<status status="PASS" start="2024-12-12T09:35:08.537162" elapsed="3.364137"/>
</kw>
<kw name="Close Browser" owner="SeleniumLibrary">
<doc>Closes the current browser.</doc>
<status status="PASS" start="2024-12-12T09:35:11.901461" elapsed="0.076359"/>
</kw>
<var name="${USERNAME}">error_user</var>
<status status="PASS" start="2024-12-12T09:35:08.536968" elapsed="3.441093"/>
</iter>
<iter>
<kw name="Run Login Test And Continue">
<kw name="Run Keyword And Continue On Failure" owner="BuiltIn">
<kw name="Run Login Test">
<kw name="Open Browser" owner="SeleniumLibrary">
<msg time="2024-12-12T09:35:11.979370" level="INFO">Opening browser 'Chrome' to base url 'https://www.saucedemo.com'.</msg>
<arg>${URL}</arg>
<arg>Chrome</arg>
<doc>Opens a new browser instance to the optional ``url``.</doc>
<status status="PASS" start="2024-12-12T09:35:11.979203" elapsed="1.249880"/>
</kw>
<kw name="Input Text" owner="SeleniumLibrary">
<msg time="2024-12-12T09:35:13.230456" level="INFO">Typing text 'visual_user' into text field 'id:user-name'.</msg>
<arg>id:user-name</arg>
<arg>${USERNAME}</arg>
<doc>Types the given ``text`` into the text field identified by ``locator``.</doc>
<status status="PASS" start="2024-12-12T09:35:13.230085" elapsed="0.082947"/>
</kw>
<kw name="Input Text" owner="SeleniumLibrary">
<msg time="2024-12-12T09:35:13.313733" level="INFO">Typing text 'secret_sauce' into text field 'id:password'.</msg>
<arg>id:password</arg>
<arg>${PASSWORD}</arg>
<doc>Types the given ``text`` into the text field identified by ``locator``.</doc>
<status status="PASS" start="2024-12-12T09:35:13.313528" elapsed="0.036116"/>
</kw>
<kw name="Click Element" owner="SeleniumLibrary">
<msg time="2024-12-12T09:35:13.350496" level="INFO">Clicking element 'id:login-button'.</msg>
<arg>id:login-button</arg>
<doc>Click the element identified by ``locator``.</doc>
<status status="PASS" start="2024-12-12T09:35:13.350250" elapsed="0.037780"/>
</kw>
<kw name="Verify Login Successful">
<kw name="Element Should Be Visible" owner="SeleniumLibrary">
<msg time="2024-12-12T09:35:13.400642" level="INFO">Element 'id:inventory_container' is displayed.</msg>
<arg>id:inventory_container</arg>
<doc>Verifies that the element identified by ``locator`` is visible.</doc>
<status status="PASS" start="2024-12-12T09:35:13.388975" elapsed="0.011930"/>
</kw>
<kw name="Log" owner="BuiltIn">
<msg time="2024-12-12T09:35:13.401608" level="INFO">Login was successful</msg>
<arg>Login was successful</arg>
<doc>Logs the given message with the given level.</doc>
<status status="PASS" start="2024-12-12T09:35:13.401453" elapsed="0.000192"/>
</kw>
<status status="PASS" start="2024-12-12T09:35:13.388708" elapsed="0.013207"/>
</kw>
<kw name="Capture Page Screenshot" owner="SeleniumLibrary">
<msg time="2024-12-12T09:35:13.491496" level="INFO" html="true">&lt;/td&gt;&lt;/tr&gt;&lt;tr&gt;&lt;td colspan="3"&gt;&lt;a href="selenium-screenshot-6.png"&gt;&lt;img src="selenium-screenshot-6.png" width="800px"&gt;&lt;/a&gt;</msg>
<doc>Takes a screenshot of the current page and embeds it into a log file.</doc>
<status status="PASS" start="2024-12-12T09:35:13.402067" elapsed="0.089599"/>
</kw>
<arg>${USERNAME}</arg>
<status status="PASS" start="2024-12-12T09:35:11.978972" elapsed="1.513095"/>
</kw>
<arg>Run Login Test</arg>
<arg>${USERNAME}</arg>
<doc>Runs the keyword and continues execution even if a failure occurs.</doc>
<status status="PASS" start="2024-12-12T09:35:11.978756" elapsed="1.513429"/>
</kw>
<arg>${USERNAME}</arg>
<status status="PASS" start="2024-12-12T09:35:11.978468" elapsed="1.513832"/>
</kw>
<kw name="Close Browser" owner="SeleniumLibrary">
<doc>Closes the current browser.</doc>
<status status="PASS" start="2024-12-12T09:35:13.492508" elapsed="0.075099"/>
</kw>
<var name="${USERNAME}">visual_user</var>
<status status="PASS" start="2024-12-12T09:35:11.978298" elapsed="1.589486"/>
</iter>
<var>${USERNAME}</var>
<value>@{USERS}</value>
<status status="FAIL" start="2024-12-12T09:34:56.345189" elapsed="17.222744">Element with locator 'id:inventory_container' not found.</status>
</for>
<status status="FAIL" start="2024-12-12T09:34:56.344924" elapsed="17.223289">Element with locator 'id:inventory_container' not found.</status>
</test>
<status status="FAIL" start="2024-12-12T09:34:56.245085" elapsed="17.324844"/>
</suite>
<statistics>
<total>
<stat pass="0" fail="1" skip="0">All Tests</stat>
</total>
<tag>
</tag>
<suite>
<stat pass="0" fail="1" skip="0" id="s1" name="Test">Test</stat>
</suite>
</statistics>
<errors>
</errors>
</robot>
